============================================================
  Generated by:           Genus(TM) Synthesis Solution 19.13-s073_1
  Generated on:           Mar 14 2023  03:01:35 pm
  Module:                 bound_flasher
  Technology libraries:   slow_1v0 
                          pll 0.0
                          CDK_S128x16 0.0
                          CDK_S256x16 0.0
                          CDK_R512x16 0.0
                          physical_cells 
  Operating conditions:   slow 
  Interconnect mode:      global
  Area mode:              physical library
============================================================

Timing
--------

Clock Period 
-------------
clock 5000.0 


  Cost    Critical         Violating 
 Group   Path Slack  TNS     Paths   
-------------------------------------
clock        1510.8   0.0          0 
default    No paths   0.0            
-------------------------------------
Total                 0.0          0 

Instance Count
--------------
Leaf Instance Count             144 
Physical Instance count           0 
Sequential Instance Count        23 
Combinational Instance Count    121 
Hierarchical Instance Count       0 

Area
----
Cell Area                          333.108
Physical Cell Area                 0.000
Total Cell Area (Cell+Physical)    333.108
Net Area                           191.731
Total Area (Cell+Physical+Net)     524.839

Runtime                            0.0 seconds
Elapsed Runtime                    29 seconds
Genus peak memory usage            1051.99 
Innovus peak memory usage          no_value 
Hostname                           localhost
